<?xml version="1.0" encoding="UTF-8"?>
<!-- Generated by org.testng.reporters.JUnitXMLReporter -->
<testsuite hostname="Rocketss-MBP" name="TEST" tests="3" failures="1" timestamp="31 May 2019 16:26:30 GMT" time="0.538" errors="0">
  <testcase name="Greet Dolphin: createJSONFile" time="0.019" classname="com.javaexcel.test.steps.GenerateJSONFile"/>
  <testcase name="Greet Dolphin: sendRequest" time="0.5" classname="com.javaexcel.test.steps.SendAPIRequest"/>
  <testcase name="Greet Dolphin: validateAPIResponse" time="0.002" classname="com.javaexcel.test.steps.ValidateAPIResponse">
    <failure type="java.lang.AssertionError" message="The following asserts failed:
	Unexpected Response Code -  expected [HTTP/1.1 200 OK] but found [HTTP/1.1 201 Created]">
      <![CDATA[java.lang.AssertionError: The following asserts failed:
	Unexpected Response Code -  expected [HTTP/1.1 200 OK] but found [HTTP/1.1 201 Created]
	at com.javaexcel.test.steps.ValidateAPIResponse.validateAPIResponse(ValidateAPIResponse.java:1100)
	at com.javaexcel.automation.core.execution.Main.executeSuites(Main.java:155)
	at com.javaexcel.automation.core.execution.Main.executeSuite(Main.java:166)
	at com.javaexcel.automation.core.execution.TestManager.execute(TestManager.java:142)
	at com.javaexcel.automation.core.execution.Main.execute(Main.java:97)
	at com.javaexcel.automation.core.execution.Main.main(Main.java:38)
	at com.javaexcel.testrunner.TestRunner.main(TestRunner.java:7)
... Removed 23 stack frames]]>
    </failure>
  </testcase> <!-- Greet Dolphin: validateAPIResponse -->
</testsuite> <!-- TEST -->
